{"synthetic": false,
 "schemaVersion": "2025-09-10",
 "outputs":
 {"o": ["1d466fc30d76ac7c.olean"],
  "i": "6a0cf1e327f67404.ilean",
  "c": "244d0d4af26bb418.c"},
 "log":
 [{"message":
   ".> LEAN_PATH=/Users/kvallie2/Desktop/esc_stage8/.lake/packages/Cli/.lake/build/lib/lean:/Users/kvallie2/Desktop/esc_stage8/.lake/packages/batteries/.lake/build/lib/lean:/Users/kvallie2/Desktop/esc_stage8/.lake/packages/Qq/.lake/build/lib/lean:/Users/kvallie2/Desktop/esc_stage8/.lake/packages/aesop/.lake/build/lib/lean:/Users/kvallie2/Desktop/esc_stage8/.lake/packages/proofwidgets/.lake/build/lib/lean:/Users/kvallie2/Desktop/esc_stage8/.lake/packages/importGraph/.lake/build/lib/lean:/Users/kvallie2/Desktop/esc_stage8/.lake/packages/LeanSearchClient/.lake/build/lib/lean:/Users/kvallie2/Desktop/esc_stage8/.lake/packages/plausible/.lake/build/lib/lean:/Users/kvallie2/Desktop/esc_stage8/.lake/packages/mathlib/.lake/build/lib/lean:/Users/kvallie2/Desktop/esc_stage8/.lake/build/lib/lean /Users/kvallie2/.elan/toolchains/leanprover--lean4---v4.27.0-rc1/bin/lean /Users/kvallie2/Desktop/esc_stage8/ErdosStraus/Basic.lean -o /Users/kvallie2/Desktop/esc_stage8/.lake/build/lib/lean/ErdosStraus/Basic.olean -i /Users/kvallie2/Desktop/esc_stage8/.lake/build/lib/lean/ErdosStraus/Basic.ilean -c /Users/kvallie2/Desktop/esc_stage8/.lake/build/ir/ErdosStraus/Basic.c --setup /Users/kvallie2/Desktop/esc_stage8/.lake/build/ir/ErdosStraus/Basic.setup.json --json",
   "level": "trace"}],
 "inputs":
 [["ErdosStraus.Basic:deps",
   [["deps",
     [["erdos_straus_stage5/ErdosStraus:extraDep",
       [["@erdos_straus_stage5:extraDep", "00000000000006bb"]]],
      ["imports",
       [["Mathlib.Data.Nat.Prime.Basic transitive imports (legacy)",
         "1d982ca5897232dc"],
        ["Mathlib.Data.Nat.Prime.Basic:importAllArts", "2e27afee255663ab"],
        ["Mathlib.Data.Nat.ModEq transitive imports (legacy)",
         "fd4ecc2c07bbc591"],
        ["Mathlib.Data.Nat.ModEq:importAllArts", "a8db2adaabda9d96"],
        ["Mathlib.Data.Nat.Factors transitive imports (legacy)",
         "a4f60374b06c44e1"],
        ["Mathlib.Data.Nat.Factors:importAllArts", "98e4507476c3ddd3"],
        ["Mathlib.Tactic transitive imports (legacy)", "9cb1866122e88a7b"],
        ["Mathlib.Tactic:importAllArts", "0209ac24249486bd"]]]]],
    ["libs",
     [["import dynlibs", "00000000000006bb"],
      ["package external libraries", "00000000000006bb"],
      ["module dynlibs", "00000000000006bb"],
      ["module plugins", "00000000000006bb"]]]]],
  ["Lean 4.27.0, commit 2fcce7258eeb6e324366bc25f9058293b04b7547",
   "6f43b597efea5d4c"],
  ["/Users/kvallie2/Desktop/esc_stage8/ErdosStraus/Basic.lean",
   "11df7f61ec0e0261"],
  ["options", "00000000000006bb"],
  ["Module.leanArgs: #[]", "00000000000006bb"]],
 "depHash": "1d3cdd95951646ba"}