{"synthetic": false,
 "schemaVersion": "2025-09-10",
 "outputs":
 {"o": ["c3fce09cfb9adcc5.olean"],
  "i": "20fccd5e9fea7f1c.ilean",
  "c": "eb97cc572ff0e8b1.c"},
 "log":
 [{"message":
   ".> LEAN_PATH=/Users/kvallie2/Desktop/esc_stage8/.lake/packages/Cli/.lake/build/lib/lean:/Users/kvallie2/Desktop/esc_stage8/.lake/packages/batteries/.lake/build/lib/lean:/Users/kvallie2/Desktop/esc_stage8/.lake/packages/Qq/.lake/build/lib/lean:/Users/kvallie2/Desktop/esc_stage8/.lake/packages/aesop/.lake/build/lib/lean:/Users/kvallie2/Desktop/esc_stage8/.lake/packages/proofwidgets/.lake/build/lib/lean:/Users/kvallie2/Desktop/esc_stage8/.lake/packages/importGraph/.lake/build/lib/lean:/Users/kvallie2/Desktop/esc_stage8/.lake/packages/LeanSearchClient/.lake/build/lib/lean:/Users/kvallie2/Desktop/esc_stage8/.lake/packages/plausible/.lake/build/lib/lean:/Users/kvallie2/Desktop/esc_stage8/.lake/packages/mathlib/.lake/build/lib/lean:/Users/kvallie2/Desktop/esc_stage8/.lake/build/lib/lean /Users/kvallie2/.elan/toolchains/leanprover--lean4---v4.27.0-rc1/bin/lean /Users/kvallie2/Desktop/esc_stage8/ErdosStraus/Bradford.lean -o /Users/kvallie2/Desktop/esc_stage8/.lake/build/lib/lean/ErdosStraus/Bradford.olean -i /Users/kvallie2/Desktop/esc_stage8/.lake/build/lib/lean/ErdosStraus/Bradford.ilean -c /Users/kvallie2/Desktop/esc_stage8/.lake/build/ir/ErdosStraus/Bradford.c --setup /Users/kvallie2/Desktop/esc_stage8/.lake/build/ir/ErdosStraus/Bradford.setup.json --json",
   "level": "trace"}],
 "inputs":
 [["ErdosStraus.Bradford:deps",
   [["deps",
     [["erdos_straus_stage5/ErdosStraus:extraDep",
       [["@erdos_straus_stage5:extraDep", "00000000000006bb"]]],
      ["imports",
       [["ErdosStraus.Basic transitive imports (legacy)", "30561838bb263c6c"],
        ["ErdosStraus.Basic:importAllArts", "ad4c9674e16e1d2f"],
        ["Mathlib.Data.Nat.ModEq transitive imports (legacy)",
         "fd4ecc2c07bbc591"],
        ["Mathlib.Data.Nat.ModEq:importAllArts", "a8db2adaabda9d96"],
        ["Mathlib.Data.Nat.Cast.Field transitive imports (legacy)",
         "7ff449b0f38a63e9"],
        ["Mathlib.Data.Nat.Cast.Field:importAllArts", "2246e88a640127fa"],
        ["Mathlib.Data.Rat.Defs transitive imports (legacy)",
         "f8def329872b1165"],
        ["Mathlib.Data.Rat.Defs:importAllArts", "2f4bbf7faac51bb1"],
        ["Mathlib.Tactic transitive imports (legacy)", "9cb1866122e88a7b"],
        ["Mathlib.Tactic:importAllArts", "0209ac24249486bd"]]]]],
    ["libs",
     [["import dynlibs", "00000000000006bb"],
      ["package external libraries", "00000000000006bb"],
      ["module dynlibs", "00000000000006bb"],
      ["module plugins", "00000000000006bb"]]]]],
  ["Lean 4.27.0, commit 2fcce7258eeb6e324366bc25f9058293b04b7547",
   "6f43b597efea5d4c"],
  ["/Users/kvallie2/Desktop/esc_stage8/ErdosStraus/Bradford.lean",
   "56e09ba5ebac343d"],
  ["options", "00000000000006bb"],
  ["Module.leanArgs: #[]", "00000000000006bb"]],
 "depHash": "1b793e6f85f530fd"}