{"synthetic": false,
 "schemaVersion": "2025-09-10",
 "outputs":
 {"o": ["a3ec656df0ac5659.olean"],
  "i": "c2e99231d8551ca0.ilean",
  "c": "a65f683bfa876ba8.c"},
 "log":
 [{"message":
   ".> LEAN_PATH=/Users/kvallie2/Desktop/esc_stage8/.lake/packages/Cli/.lake/build/lib/lean:/Users/kvallie2/Desktop/esc_stage8/.lake/packages/batteries/.lake/build/lib/lean:/Users/kvallie2/Desktop/esc_stage8/.lake/packages/Qq/.lake/build/lib/lean:/Users/kvallie2/Desktop/esc_stage8/.lake/packages/aesop/.lake/build/lib/lean:/Users/kvallie2/Desktop/esc_stage8/.lake/packages/proofwidgets/.lake/build/lib/lean:/Users/kvallie2/Desktop/esc_stage8/.lake/packages/importGraph/.lake/build/lib/lean:/Users/kvallie2/Desktop/esc_stage8/.lake/packages/LeanSearchClient/.lake/build/lib/lean:/Users/kvallie2/Desktop/esc_stage8/.lake/packages/plausible/.lake/build/lib/lean:/Users/kvallie2/Desktop/esc_stage8/.lake/packages/mathlib/.lake/build/lib/lean:/Users/kvallie2/Desktop/esc_stage8/.lake/build/lib/lean /Users/kvallie2/.elan/toolchains/leanprover--lean4---v4.27.0-rc1/bin/lean /Users/kvallie2/Desktop/esc_stage8/ErdosStraus/FamiliesK10Common.lean -o /Users/kvallie2/Desktop/esc_stage8/.lake/build/lib/lean/ErdosStraus/FamiliesK10Common.olean -i /Users/kvallie2/Desktop/esc_stage8/.lake/build/lib/lean/ErdosStraus/FamiliesK10Common.ilean -c /Users/kvallie2/Desktop/esc_stage8/.lake/build/ir/ErdosStraus/FamiliesK10Common.c --setup /Users/kvallie2/Desktop/esc_stage8/.lake/build/ir/ErdosStraus/FamiliesK10Common.setup.json --json",
   "level": "trace"}],
 "inputs":
 [["ErdosStraus.FamiliesK10Common:deps",
   [["deps",
     [["erdos_straus_stage5/ErdosStraus:extraDep",
       [["@erdos_straus_stage5:extraDep", "00000000000006bb"]]],
      ["imports",
       [["ErdosStraus.Basic transitive imports (legacy)", "30561838bb263c6c"],
        ["ErdosStraus.Basic:importAllArts", "ad4c9674e16e1d2f"],
        ["ErdosStraus.K1 transitive imports (legacy)", "76fd4508160b438b"],
        ["ErdosStraus.K1:importAllArts", "4b810bf9b33c815c"],
        ["Mathlib.Data.Finset.Basic transitive imports (legacy)",
         "ec17937df6e8aa08"],
        ["Mathlib.Data.Finset.Basic:importAllArts", "ec52c45f14600c8b"],
        ["Mathlib.Tactic transitive imports (legacy)", "9cb1866122e88a7b"],
        ["Mathlib.Tactic:importAllArts", "0209ac24249486bd"]]]]],
    ["libs",
     [["import dynlibs", "00000000000006bb"],
      ["package external libraries", "00000000000006bb"],
      ["module dynlibs", "00000000000006bb"],
      ["module plugins", "00000000000006bb"]]]]],
  ["Lean 4.27.0, commit 2fcce7258eeb6e324366bc25f9058293b04b7547",
   "6f43b597efea5d4c"],
  ["/Users/kvallie2/Desktop/esc_stage8/ErdosStraus/FamiliesK10Common.lean",
   "e9e5f1e1bb461912"],
  ["options", "00000000000006bb"],
  ["Module.leanArgs: #[]", "00000000000006bb"]],
 "depHash": "75867937953e62e1"}