{"synthetic": false,
 "schemaVersion": "2025-09-10",
 "outputs":
 {"o": ["e1a6fc6e186c0315.olean"],
  "i": "a0d4a0b347844cff.ilean",
  "c": "9629fe569b80a3bd.c"},
 "log":
 [{"message":
   ".> LEAN_PATH=/Users/kvallie2/Desktop/esc_stage8/.lake/packages/Cli/.lake/build/lib/lean:/Users/kvallie2/Desktop/esc_stage8/.lake/packages/batteries/.lake/build/lib/lean:/Users/kvallie2/Desktop/esc_stage8/.lake/packages/Qq/.lake/build/lib/lean:/Users/kvallie2/Desktop/esc_stage8/.lake/packages/aesop/.lake/build/lib/lean:/Users/kvallie2/Desktop/esc_stage8/.lake/packages/proofwidgets/.lake/build/lib/lean:/Users/kvallie2/Desktop/esc_stage8/.lake/packages/importGraph/.lake/build/lib/lean:/Users/kvallie2/Desktop/esc_stage8/.lake/packages/LeanSearchClient/.lake/build/lib/lean:/Users/kvallie2/Desktop/esc_stage8/.lake/packages/plausible/.lake/build/lib/lean:/Users/kvallie2/Desktop/esc_stage8/.lake/packages/mathlib/.lake/build/lib/lean:/Users/kvallie2/Desktop/esc_stage8/.lake/build/lib/lean /Users/kvallie2/.elan/toolchains/leanprover--lean4---v4.27.0-rc1/bin/lean /Users/kvallie2/Desktop/esc_stage8/ErdosStraus/K1.lean -o /Users/kvallie2/Desktop/esc_stage8/.lake/build/lib/lean/ErdosStraus/K1.olean -i /Users/kvallie2/Desktop/esc_stage8/.lake/build/lib/lean/ErdosStraus/K1.ilean -c /Users/kvallie2/Desktop/esc_stage8/.lake/build/ir/ErdosStraus/K1.c --setup /Users/kvallie2/Desktop/esc_stage8/.lake/build/ir/ErdosStraus/K1.setup.json --json",
   "level": "trace"},
  {"message": "ErdosStraus/K1.lean:32:8: declaration uses 'sorry'",
   "level": "warning"},
  {"message": "ErdosStraus/K1.lean:50:8: declaration uses 'sorry'",
   "level": "warning"}],
 "inputs":
 [["ErdosStraus.K1:deps",
   [["deps",
     [["erdos_straus_stage5/ErdosStraus:extraDep",
       [["@erdos_straus_stage5:extraDep", "00000000000006bb"]]],
      ["imports",
       [["ErdosStraus.Basic transitive imports (legacy)", "30561838bb263c6c"],
        ["ErdosStraus.Basic:importAllArts", "ad4c9674e16e1d2f"],
        ["Mathlib.Data.ZMod.Basic transitive imports (legacy)",
         "e126e4d1beb30a7f"],
        ["Mathlib.Data.ZMod.Basic:importAllArts", "49e0f1f352f20878"],
        ["Mathlib.Tactic transitive imports (legacy)", "9cb1866122e88a7b"],
        ["Mathlib.Tactic:importAllArts", "0209ac24249486bd"]]]]],
    ["libs",
     [["import dynlibs", "00000000000006bb"],
      ["package external libraries", "00000000000006bb"],
      ["module dynlibs", "00000000000006bb"],
      ["module plugins", "00000000000006bb"]]]]],
  ["Lean 4.27.0, commit 2fcce7258eeb6e324366bc25f9058293b04b7547",
   "6f43b597efea5d4c"],
  ["/Users/kvallie2/Desktop/esc_stage8/ErdosStraus/K1.lean",
   "0b744c58197cdc30"],
  ["options", "00000000000006bb"],
  ["Module.leanArgs: #[]", "00000000000006bb"]],
 "depHash": "2c8bb29c35d8e919"}