{"synthetic": false,
 "schemaVersion": "2025-09-10",
 "outputs":
 {"o": ["e7e743f44c13ad93.olean"],
  "i": "eebb6a5411c5867f.ilean",
  "c": "21923e54625c1138.c"},
 "log":
 [{"message":
   ".> LEAN_PATH=/Users/kvallie2/Desktop/esc_stage8/.lake/packages/Cli/.lake/build/lib/lean:/Users/kvallie2/Desktop/esc_stage8/.lake/packages/batteries/.lake/build/lib/lean:/Users/kvallie2/Desktop/esc_stage8/.lake/packages/Qq/.lake/build/lib/lean:/Users/kvallie2/Desktop/esc_stage8/.lake/packages/aesop/.lake/build/lib/lean:/Users/kvallie2/Desktop/esc_stage8/.lake/packages/proofwidgets/.lake/build/lib/lean:/Users/kvallie2/Desktop/esc_stage8/.lake/packages/importGraph/.lake/build/lib/lean:/Users/kvallie2/Desktop/esc_stage8/.lake/packages/LeanSearchClient/.lake/build/lib/lean:/Users/kvallie2/Desktop/esc_stage8/.lake/packages/plausible/.lake/build/lib/lean:/Users/kvallie2/Desktop/esc_stage8/.lake/packages/mathlib/.lake/build/lib/lean:/Users/kvallie2/Desktop/esc_stage8/.lake/build/lib/lean /Users/kvallie2/.elan/toolchains/leanprover--lean4---v4.27.0-rc1/bin/lean /Users/kvallie2/Desktop/esc_stage8/Zeroless.lean -o /Users/kvallie2/Desktop/esc_stage8/.lake/build/lib/lean/Zeroless.olean -i /Users/kvallie2/Desktop/esc_stage8/.lake/build/lib/lean/Zeroless.ilean -c /Users/kvallie2/Desktop/esc_stage8/.lake/build/ir/Zeroless.c --setup /Users/kvallie2/Desktop/esc_stage8/.lake/build/ir/Zeroless.setup.json --json",
   "level": "trace"}],
 "inputs":
 [["Zeroless:deps",
   [["deps",
     [["erdos_straus_stage5/Zeroless:extraDep",
       [["@erdos_straus_stage5:extraDep", "00000000000006bb"]]],
      ["imports",
       [["Mathlib.NumberTheory.Padics.PadicVal.Basic transitive imports (legacy)",
         "e6a6374b1d740bc9"],
        ["Mathlib.NumberTheory.Padics.PadicVal.Basic:importAllArts",
         "35482da7a8c08611"],
        ["Mathlib.NumberTheory.Padics.PadicVal.Defs transitive imports (legacy)",
         "2065c404ee0e9662"],
        ["Mathlib.NumberTheory.Padics.PadicVal.Defs:importAllArts",
         "0c092f6f774ac243"],
        ["Mathlib.Data.ZMod.Basic transitive imports (legacy)",
         "e126e4d1beb30a7f"],
        ["Mathlib.Data.ZMod.Basic:importAllArts", "49e0f1f352f20878"],
        ["Mathlib.Data.Nat.Totient transitive imports (legacy)",
         "8806426be14c11f0"],
        ["Mathlib.Data.Nat.Totient:importAllArts", "68aa3896340ab2a4"],
        ["Mathlib.FieldTheory.Finite.Basic transitive imports (legacy)",
         "dbc29c268bea412b"],
        ["Mathlib.FieldTheory.Finite.Basic:importAllArts", "4cc57b9d5f5d3ae4"],
        ["Mathlib.Tactic transitive imports (legacy)", "9cb1866122e88a7b"],
        ["Mathlib.Tactic:importAllArts", "0209ac24249486bd"]]]]],
    ["libs",
     [["import dynlibs", "00000000000006bb"],
      ["package external libraries", "00000000000006bb"],
      ["module dynlibs", "00000000000006bb"],
      ["module plugins", "00000000000006bb"]]]]],
  ["Lean 4.27.0, commit 2fcce7258eeb6e324366bc25f9058293b04b7547",
   "6f43b597efea5d4c"],
  ["/Users/kvallie2/Desktop/esc_stage8/Zeroless.lean", "105d7d0e6231ebc4"],
  ["options", "00000000000006bb"],
  ["Module.leanArgs: #[]", "00000000000006bb"]],
 "depHash": "fd600d38b2b4deb5"}